1941
1941j
1944
1944j
1945kiii
19xx
19xxa
19xxb
19xxh
19xxj
19xxjr1
2020bb
2020bba
2020bbh
3countb
3in1semi
3wonders
3wonderu
4in1boot
aerofgt
afighter
agallet
alexkid1
alexkidd
aliensy1
aliensy2
aliensy3
aliensyn
alpham2
altbeas5
altbeasj
altbeast
androdun
aodk
aof
aof2
aof2a
aof3
area88
armwar
armwara
armwarr1
armwaru
aurail
aurail1
aurailj
avsp
avspa
avsph
avspj
avspu
bakatono
bakubrkr
batcir
batcira
batcirj
bcstry
bcstrya
berlwall
berlwalt
biomtoy
bjourney
blazeon
blazstar
bloodwar
bodyslam
bombjac2
bombjack
bonkadv
breakers
bstars
bstars2
burglarx
burningf
burningh
captcomj
captcomm
captcomu
cawing
cawingj
cawingr1
cawingu
chikij
chokchok
choko
cookbib
cookbib2
cookbib3
crsword
csclub
cscluba
csclubh
csclubj
ctomaday
cworld2j
cyberlip
cybots
cybotsj
cybotsu
daimakai
daisenpu
ddonpach
ddonpchj
ddsom
ddsoma
ddsomb
ddsomj
ddsomjr1
ddsomr1
ddsomr2
ddsomr3
ddsomu
ddsomur1
ddtod
ddtoda
ddtodh
ddtodj
ddtodjr1
ddtodr1
ddtodu
ddtodur1
ddux1
defense
dfeveron
dimahoo
dino
dinoj
dinou
donpachi
donpachk
donpacjp
donpackr
doubledr
dquizgo
drgnbowl
drgw2
drgw2c
dstlk
dstlka
dstlku
dstlkur1
dumpmtmt
dunkshot
dynwar
dynwarj
ecofghta
ecofghtr
ecofghtu
eightman
esprade
espradej
espradeo
explbrkr
fantasia
fantsia2
fantsy95
fantzon1
fantzone
fatfursa
fatfursp
fatfury1
fatfury2
fatfury3
fbfrenzy
feversos
ffight
ffightj
ffightj1
ffightu
ffightua
fightfev
fightfva
finalttr
flipshot
fncywld
fntsia2a
forgottn
fstarfrc
gaia
gaiden
galhustl
galpanic
garou
gensitou
getstarb
ghostlop
ghouls
ghoulsu
gigawing
gmahou
goalx3
goldnax2
goldnaxe
gowcaizr
gpilots
gtmr
gtmr2
gtmr2a
gtmr2u
gtmra
gtmre
gtmrusa
guwange
gwinga
gwingj
hedpanic
hedpanif
hellfir1
hellfir2
hellfire
honeydol
htchctch
hyperpac
hyperpcb
irrmaze
janshin
joyjoy
jumpkids
jumppop
jyangoku
kabukikl
karatblz
karnovr
killbldt
kingdmgp
kizuna
knights
knightsj
knightsu
kod
kodj
kodu
kof2000
kof2001
kof2002
kof2003
kof94
kof95
kof96
kof97
kof98
kof99
kotm
kotm2
kotmh
kov
kov115
kovj
kovplus
kovplusa
lastblad
lastbld2
lbowling
legendos
lostwrld
lresort
magdrop2
magdrop3
maglord
maglordh
mahoudai
mahretsu
marukodq
matrim
mbomberj
mbombrd
mbombrdj
mchampda
mchampdx
megaman
megaman2
megamn2a
mercs
mercsj
mercsu
mercsua
metlsavr
metmqstr
mgcrystj
mgcrystl
mgcrysto
miexchng
minasan
missmw96
missw96
mjleague
mmatrix
mmatrixj
moremore
moremorp
mosyougi
mpang
mpangj
ms5pcb
msh
msha
mshb
mshh
mshj
mshjr1
mshu
mshvsf
mshvsfa
mshvsfa1
mshvsfb
mshvsfb1
mshvsfh
mshvsfj
mshvsfj1
mshvsfj2
mshvsfu
mshvsfu1
mslug
mslug2
mslug3
mslug4
mslug5
mslugx
msword
mswordj
mswordr1
mswordu
mtwins
multchmk
multchmp
mutnat
mvsc
mvsca
mvscar1
mvscb
mvsch
mvscj
mvscjr1
mvscu
nam1975
ncombat
ncombata
ncommand
nemo
nemoj
neobombe
neocup98
neodrift
neogeo
neomrdo
newfant
news
newsa
ninjamas
nmaster
nwarr
nwarrb
nwarrh
nwarru
ohmygod
orld105k
orld111c
orlegend
orlegndc
orlegnde
outzone
outzonea
outzoneb
outzonec
overtop
pang3
pang3j
pangpang
panicbom
pbobbl2n
pbobblen
pbobblna
pfghtj
pgear
pgearr1
pgm
pgoal
photoy2k
plegendj
plegends
pnickj
popbounc
powerina
powerinb
powerins
prehisle
prehislu
preisle2
progear
progeara
progearj
pspikes2
pulstar
punisher
punishrj
punishru
puzlstar
puzzldpr
puzzledp
pwrins2j
pwrinst2
pzloop2
pzloop2j
qad
qadj
qndream
qtono2
quart2
quart21
quizdai2
quizdais
quizkof
raf102j
ragnagrd
raiga
rainbow
rainbowe
rainbowo
rbff1
rbff2
rbffspec
rchase
rckman2j
ridhero
ridheroh
ringdest
riot
riotcity
roboarmy
rockmanj
rotd
ryukenda
ryukendn
s1945p
sailormn
sailormo
samsh5sp
samsho
samsho2
samsho3
samsho4
samsho5
savagere
sdfight
sdi
sdib
sdibl
sdodgeb
semibase
sengokh
sengoku
sengoku2
sengoku3
sf2
sf2accp2
sf2ce
sf2cej
sf2ceua
sf2ceub
sf2ceuc
sf2eb
sf2hf
sf2j
sf2ja
sf2jc
sf2koryu
sf2m2
sf2m4
sf2m5
sf2m6
sf2m7
sf2rb
sf2rb2
sf2red
sf2t
sf2tj
sf2ua
sf2ub
sf2ud
sf2ue
sf2uf
sf2ui
sf2uk
sf2v004
sf2yyc
sfa
sfa2
sfa3
sfa3b
sfa3r1
sfach
sfar1
sfar2
sfar3
sfau
sfz2a
sfz2aa
sfz2ab
sfz2ah
sfz2aj
sfz2b
sfz2br1
sfz2h
sfz2j
sfz2n
sfz3a
sfz3ar1
sfz3j
sfz3jr1
sfz3jr2
sfza
sfzb
sfzbr1
sfzh
sfzj
sfzjr1
sfzjr2
sgemf
sgemfa
sgemfh
shadfrce
shadoww
shadowwa
shinobi
shinobi4
shippumd
shocktr2
shocktro
slammast
slammasu
slapbtjp
slapbtuk
slapfgtr
smbomb
smbombr1
snowbro2
snowbro3
snowbroa
snowbrob
snowbroc
snowbroj
snowbros
socbrawl
solomon
solomonj
sonicwi2
sonicwi3
spf2t
spf2ta
spf2xj
spinlbrj
spinlbrk
spinlbru
spinmast
ssf2
ssf2a
ssf2ar1
ssf2j
ssf2jr1
ssf2jr2
ssf2t
ssf2ta
ssf2tu
ssf2tur1
ssf2u
ssf2xj
ssideki
ssideki3
ssideki4
sstriker
sstrikra
stakwin
stakwin2
stratof
strhoop
strider
striderj
stridrja
stridrua
superman
superspy
supmodel
suprmanj
suprtrio
svc
svcpcb
swatpolc
tangtang
theroes
tigerhb1
tigerhb2
timesca1
timescan
tknight
tophunta
tophuntr
toppyrap
toryumon
tpgolf
trally
truxton
truxton2
tumbleb
tumbleb2
turbofrc
turfmast
twinadv
twinadvk
twinhawk
twinhwku
twinkle
twinspri
tws96
uecology
unsquad
uopoko
uopokoj
vampj
vampja
vampjr1
varth
varthj
varthr1
varthu
vhunt2
vhunt2r1
vhuntj
vhuntjr1
vhuntjr2
vsav
vsav2
vsava
vsavh
vsavj
vsavu
wakuwak7
wb3
wc90
wc90a
wc90t
wh1
wh1h
wh2
wh2j
whp
wildfang
willow
willowj
willowje
wintbob
wjammers
wlstar
wof
wofa
wofj
wofu
wonder3
wondl96
wrestwar
wwfwfest
wwfwfsta
wwfwfstb
wwfwfstj
xmcota
xmcotaa
xmcotah
xmcotaj
xmcotaj1
xmcotajr
xmcotau
xmvsf
xmvsfa
xmvsfar1
xmvsfb
xmvsfh
xmvsfj
xmvsfjr1
xmvsfjr2
xmvsfr1
xmvsfu
xmvsfur1
zedblade
zerowing
zintrckb
